20:42:12,130  INFO org.apache.log4j.Logger<strong>{1}</strong>:13 - Test rates API for latest exchange ratesStarted Execution
20:42:12,137  INFO org.apache.log4j.Logger<strong>{1}</strong>:20 - Test rates API for latest exchange rates	Ended Execution
20:42:12,811 DEBUG Exchange_Rates<strong>{1}</strong>:27 - Latest exchange Url is present:https://api.ratesapi.io/api/latest
20:42:14,818 DEBUG org.apache.http.impl.conn.BasicClientConnectionManager<strong>{1}</strong>:161 - Get connection for route {s}->https://api.ratesapi.io:443
20:42:14,986 DEBUG org.apache.http.impl.conn.DefaultClientConnectionOperator<strong>{1}</strong>:177 - Connecting to api.ratesapi.io:443
20:42:15,709 DEBUG org.apache.http.client.protocol.RequestAddCookies<strong>{1}</strong>:123 - CookieSpec selected: ignoreCookies
20:42:15,711 DEBUG org.apache.http.client.protocol.RequestAuthCache<strong>{1}</strong>:77 - Auth cache not set in the context
20:42:15,712 DEBUG org.apache.http.client.protocol.RequestTargetAuthentication<strong>{1}</strong>:80 - Target auth state: UNCHALLENGED
20:42:15,712 DEBUG org.apache.http.client.protocol.RequestProxyAuthentication<strong>{1}</strong>:89 - Proxy auth state: UNCHALLENGED
20:42:15,713 DEBUG org.apache.http.impl.client.DefaultHttpClient<strong>{1}</strong>:682 - Attempt 1 to execute request
20:42:15,713 DEBUG org.apache.http.impl.conn.DefaultClientConnection<strong>{1}</strong>:274 - Sending request: GET /api/latest HTTP/1.1
20:42:15,714 DEBUG org.apache.http.wire<strong>{1}</strong>:73 -  >> "GET /api/latest HTTP/1.1[\r][\n]"
20:42:15,715 DEBUG org.apache.http.wire<strong>{1}</strong>:73 -  >> "Accept: */*[\r][\n]"
20:42:15,716 DEBUG org.apache.http.wire<strong>{1}</strong>:73 -  >> "Host: api.ratesapi.io[\r][\n]"
20:42:15,717 DEBUG org.apache.http.wire<strong>{1}</strong>:73 -  >> "Connection: Keep-Alive[\r][\n]"
20:42:15,717 DEBUG org.apache.http.wire<strong>{1}</strong>:73 -  >> "User-Agent: Apache-HttpClient/4.5.3 (Java/1.8.0_251)[\r][\n]"
20:42:15,718 DEBUG org.apache.http.wire<strong>{1}</strong>:73 -  >> "Accept-Encoding: gzip,deflate[\r][\n]"
20:42:15,719 DEBUG org.apache.http.wire<strong>{1}</strong>:73 -  >> "[\r][\n]"
20:42:15,719 DEBUG org.apache.http.headers<strong>{1}</strong>:278 - >> GET /api/latest HTTP/1.1
20:42:15,720 DEBUG org.apache.http.headers<strong>{1}</strong>:281 - >> Accept: */*
20:42:15,720 DEBUG org.apache.http.headers<strong>{1}</strong>:281 - >> Host: api.ratesapi.io
20:42:15,720 DEBUG org.apache.http.headers<strong>{1}</strong>:281 - >> Connection: Keep-Alive
20:42:15,721 DEBUG org.apache.http.headers<strong>{1}</strong>:281 - >> User-Agent: Apache-HttpClient/4.5.3 (Java/1.8.0_251)
20:42:15,721 DEBUG org.apache.http.headers<strong>{1}</strong>:281 - >> Accept-Encoding: gzip,deflate
20:42:15,807 DEBUG org.apache.http.wire<strong>{1}</strong>:73 -  << "HTTP/1.1 200 OK[\r][\n]"
20:42:15,814 DEBUG org.apache.http.wire<strong>{1}</strong>:73 -  << "Date: Tue, 12 Jan 2021 15:12:15 GMT[\r][\n]"
20:42:15,815 DEBUG org.apache.http.wire<strong>{1}</strong>:73 -  << "Content-Type: application/json[\r][\n]"
20:42:15,816 DEBUG org.apache.http.wire<strong>{1}</strong>:73 -  << "Transfer-Encoding: chunked[\r][\n]"
20:42:15,817 DEBUG org.apache.http.wire<strong>{1}</strong>:73 -  << "Connection: keep-alive[\r][\n]"
20:42:15,817 DEBUG org.apache.http.wire<strong>{1}</strong>:73 -  << "Set-Cookie: __cfduid=de08f14896f53f38dbdf7b0cecb4b0b021610464335; expires=Thu, 11-Feb-21 15:12:15 GMT; path=/; domain=.ratesapi.io; HttpOnly; SameSite=Lax[\r][\n]"
20:42:15,818 DEBUG org.apache.http.wire<strong>{1}</strong>:73 -  << "Vary: Accept-Encoding[\r][\n]"
20:42:15,819 DEBUG org.apache.http.wire<strong>{1}</strong>:73 -  << "Access-Control-Allow-Methods: GET[\r][\n]"
20:42:15,820 DEBUG org.apache.http.wire<strong>{1}</strong>:73 -  << "Access-Control-Allow-Credentials: true[\r][\n]"
20:42:15,820 DEBUG org.apache.http.wire<strong>{1}</strong>:73 -  << "Access-Control-Allow-Origin: *[\r][\n]"
20:42:15,821 DEBUG org.apache.http.wire<strong>{1}</strong>:73 -  << "Content-Encoding: gzip[\r][\n]"
20:42:15,822 DEBUG org.apache.http.wire<strong>{1}</strong>:73 -  << "Cache-Control: max-age=14400[\r][\n]"
20:42:15,823 DEBUG org.apache.http.wire<strong>{1}</strong>:73 -  << "CF-Cache-Status: HIT[\r][\n]"
20:42:15,824 DEBUG org.apache.http.wire<strong>{1}</strong>:73 -  << "Age: 6356[\r][\n]"
20:42:15,824 DEBUG org.apache.http.wire<strong>{1}</strong>:73 -  << "cf-request-id: 0798c0af830000dd42e3b9f000000001[\r][\n]"
20:42:15,825 DEBUG org.apache.http.wire<strong>{1}</strong>:73 -  << "Expect-CT: max-age=604800, report-uri="https://report-uri.cloudflare.com/cdn-cgi/beacon/expect-ct"[\r][\n]"
20:42:15,826 DEBUG org.apache.http.wire<strong>{1}</strong>:73 -  << "Report-To: {"endpoints":[{"url":"https:\/\/a.nel.cloudflare.com\/report?s=bmo%2FFyU0MP8uYH4my3UfDjqtqcwP4T8AHo4ABD1xM6z13u9%2BGb73cLpW9s4MWEEHwMUhbjDq9m82aLxNJh8XMIz1qyOXkahNxMqYfOF2WwY%3D"}],"group":"cf-nel","max_age":604800}[\r][\n]"
20:42:15,827 DEBUG org.apache.http.wire<strong>{1}</strong>:73 -  << "NEL: {"report_to":"cf-nel","max_age":604800}[\r][\n]"
20:42:15,829 DEBUG org.apache.http.wire<strong>{1}</strong>:73 -  << "Server: cloudflare[\r][\n]"
20:42:15,830 DEBUG org.apache.http.wire<strong>{1}</strong>:73 -  << "CF-RAY: 6107d0926c82dd42-SIN[\r][\n]"
20:42:15,831 DEBUG org.apache.http.wire<strong>{1}</strong>:73 -  << "[\r][\n]"
20:42:15,833 DEBUG org.apache.http.impl.conn.DefaultClientConnection<strong>{1}</strong>:259 - Receiving response: HTTP/1.1 200 OK
20:42:15,834 DEBUG org.apache.http.headers<strong>{1}</strong>:262 - << HTTP/1.1 200 OK
20:42:15,834 DEBUG org.apache.http.headers<strong>{1}</strong>:265 - << Date: Tue, 12 Jan 2021 15:12:15 GMT
20:42:15,835 DEBUG org.apache.http.headers<strong>{1}</strong>:265 - << Content-Type: application/json
20:42:15,835 DEBUG org.apache.http.headers<strong>{1}</strong>:265 - << Transfer-Encoding: chunked
20:42:15,835 DEBUG org.apache.http.headers<strong>{1}</strong>:265 - << Connection: keep-alive
20:42:15,836 DEBUG org.apache.http.headers<strong>{1}</strong>:265 - << Set-Cookie: __cfduid=de08f14896f53f38dbdf7b0cecb4b0b021610464335; expires=Thu, 11-Feb-21 15:12:15 GMT; path=/; domain=.ratesapi.io; HttpOnly; SameSite=Lax
20:42:15,836 DEBUG org.apache.http.headers<strong>{1}</strong>:265 - << Vary: Accept-Encoding
20:42:15,837 DEBUG org.apache.http.headers<strong>{1}</strong>:265 - << Access-Control-Allow-Methods: GET
20:42:15,837 DEBUG org.apache.http.headers<strong>{1}</strong>:265 - << Access-Control-Allow-Credentials: true
20:42:15,837 DEBUG org.apache.http.headers<strong>{1}</strong>:265 - << Access-Control-Allow-Origin: *
20:42:15,838 DEBUG org.apache.http.headers<strong>{1}</strong>:265 - << Content-Encoding: gzip
20:42:15,838 DEBUG org.apache.http.headers<strong>{1}</strong>:265 - << Cache-Control: max-age=14400
20:42:15,839 DEBUG org.apache.http.headers<strong>{1}</strong>:265 - << CF-Cache-Status: HIT
20:42:15,839 DEBUG org.apache.http.headers<strong>{1}</strong>:265 - << Age: 6356
20:42:15,839 DEBUG org.apache.http.headers<strong>{1}</strong>:265 - << cf-request-id: 0798c0af830000dd42e3b9f000000001
20:42:15,839 DEBUG org.apache.http.headers<strong>{1}</strong>:265 - << Expect-CT: max-age=604800, report-uri="https://report-uri.cloudflare.com/cdn-cgi/beacon/expect-ct"
20:42:15,840 DEBUG org.apache.http.headers<strong>{1}</strong>:265 - << Report-To: {"endpoints":[{"url":"https:\/\/a.nel.cloudflare.com\/report?s=bmo%2FFyU0MP8uYH4my3UfDjqtqcwP4T8AHo4ABD1xM6z13u9%2BGb73cLpW9s4MWEEHwMUhbjDq9m82aLxNJh8XMIz1qyOXkahNxMqYfOF2WwY%3D"}],"group":"cf-nel","max_age":604800}
20:42:15,840 DEBUG org.apache.http.headers<strong>{1}</strong>:265 - << NEL: {"report_to":"cf-nel","max_age":604800}
20:42:15,840 DEBUG org.apache.http.headers<strong>{1}</strong>:265 - << Server: cloudflare
20:42:15,841 DEBUG org.apache.http.headers<strong>{1}</strong>:265 - << CF-RAY: 6107d0926c82dd42-SIN
20:42:15,850 DEBUG org.apache.http.impl.client.DefaultHttpClient<strong>{1}</strong>:509 - Connection can be kept alive indefinitely
20:42:15,867 DEBUG io.restassured.internal.RequestSpecificationImpl$RestAssuredHttpBuilder<strong>{1}</strong>:544 - Parsing response as: application/json
20:42:15,868 DEBUG org.apache.http.wire<strong>{1}</strong>:73 -  << "13d[\r][\n]"
20:42:15,868 DEBUG org.apache.http.wire<strong>{1}</strong>:73 -  << "[0x1f][0x8b][0x8][0x0][0x0][0x0][0x0][0x0][0x0][0x3]%Q[0xcb]r[0xc2] [0x14][0xfd][0x97][0xbb]F[0xe6][0x2][0xe1][0xb9][0x8b]F[0x8d][0x8d][0xc5][0xc]i[0xa6][0xd5][0x9d][0x9d][0xfa][0x3][0xb5];[0xc7][0xef]![0xee][0x80]s[0xcf][0xeb][0xf2][0xa0][0xef][0xeb][0xfd]F[0x89][0xb6]s!A[0xbf][0xd7][0xbf][0xdb][0x9d][0xd2][0x83][0xf6][0xeb][0x91][0x12][0xcb][0xc8][0xda]XA[0xfd][0xd0]Q[0x8a][0xb2]1F[0xd0][0xa1]+[0x94][0x94][0xd7][0xce]K[0xd5][0xe0]z[0x9c]([0x19][0x19][0x9c]w[0x82][0xba]a[0xa0][0xe4]1[0xe7]5[0x90][0x8c][0xc1][0x10][0xa5]i[0x80]l[0xfa][0x1d]X[0x92][0x83][0x9][0x82][0xde][0xbf]2%[0xdd]HkX[0x1][0xba][0x80][0xa4][0x9d][0xd4]&[\n]"
20:42:15,868 DEBUG org.apache.http.wire<strong>{1}</strong>:73 -  << "[0x9a][0xf6]][0x9d]s[\n]"
20:42:15,869 DEBUG org.apache.http.wire<strong>{1}</strong>:73 -  << "c[0x1f][0xfd][0x1a][0xd2]N:[0xb][0xa0]/[0x8b][0xb4][0xad][0xf4]3[0x84][0x1b][0x19]u[0x80]>[0xe1]][0xb1]4[0xe][0xc8]&[0x9f][0xeb]P[0x8][0xc][0xcb][0xf5]>W[0xa9]h+g[0xec][0xd1][0xc7][0x6][0xd9][0x4] [0xd3][0xf6][0xc5][0xe1][0x9a]y<[0xe6][0xaa]fu[0x84][0xda][0xa5][0xad][0xe5][0x82][0xc][0xec][0xe1][0xb9]i[0x97]0[0xd6]Z[0xc4]<L[0x95]d[0xd1][0x1a][0xd2][0xe5]H[0xa9][0x6]s[0xe8]YN[0x8b]@[0xf0][0x8c]M[0xe5][0xcb]+\[\n]"
20:42:15,869 DEBUG org.apache.http.wire<strong>{1}</strong>:73 -  << "[0x94]s][0x1b][[0x0]o#[0xce][\n]"
20:42:15,869 DEBUG org.apache.http.wire<strong>{1}</strong>:87 -  << "5[0xab]g[0x99][0xd1],r[0xb5][0x1]4[0x94]O@[0xc6][0xd8][0x5][0x9b][0xa7]EA+[0x87]e[0xf7][0xf3][0xae][0xae][0x80][0xa5][0x17][0xd4][0xce][0xaf]4>[0x98][0xa7][0xa0][0x1f][0xfc][0x14][0xbe]M[0xb3]V+V+[0xa5][0xe8][0xf9][0xf][0xe][0x8a]@;[0xcc][0x1][0x0][0x0]"
20:42:15,869 DEBUG org.apache.http.wire<strong>{1}</strong>:73 -  << "[\r][\n]"
20:42:15,870 DEBUG org.apache.http.wire<strong>{1}</strong>:73 -  << "0[\r][\n]"
20:42:15,870 DEBUG org.apache.http.wire<strong>{1}</strong>:73 -  << "[\r][\n]"
20:42:15,870 DEBUG io.restassured.internal.RequestSpecificationImpl$RestAssuredHttpBuilder<strong>{1}</strong>:547 - Parsed data to instance of: class org.apache.http.conn.EofSensorInputStream
20:42:15,942 DEBUG org.apache.http.impl.conn.BasicClientConnectionManager<strong>{1}</strong>:200 - Releasing connection org.apache.http.impl.conn.ManagedClientConnectionImpl@4eeea57d
20:42:15,942 DEBUG org.apache.http.impl.conn.BasicClientConnectionManager<strong>{1}</strong>:225 - Connection can be kept alive indefinitely
20:42:16,364  INFO Exchange_Rates<strong>{1}</strong>:30 - Latest exchange Url executed on date:2021-01-11
20:42:16,375  INFO Exchange_Rates<strong>{1}</strong>:36 - Response code returned:200
20:42:16,384  INFO org.apache.log4j.Logger<strong>{1}</strong>:13 - Test rates API for latest exchange ratesStarted Execution
20:42:16,385  INFO org.apache.log4j.Logger<strong>{1}</strong>:20 - Test rates API for latest exchange rates	Ended Execution
20:42:16,397 DEBUG org.apache.http.impl.conn.BasicClientConnectionManager<strong>{1}</strong>:161 - Get connection for route {s}->https://api.ratesapi.io:443
20:42:16,398 DEBUG org.apache.http.impl.conn.DefaultClientConnectionOperator<strong>{1}</strong>:177 - Connecting to api.ratesapi.io:443
20:42:16,684 DEBUG org.apache.http.client.protocol.RequestAddCookies<strong>{1}</strong>:123 - CookieSpec selected: ignoreCookies
20:42:16,685 DEBUG org.apache.http.client.protocol.RequestAuthCache<strong>{1}</strong>:77 - Auth cache not set in the context
20:42:16,685 DEBUG org.apache.http.client.protocol.RequestTargetAuthentication<strong>{1}</strong>:80 - Target auth state: UNCHALLENGED
20:42:16,685 DEBUG org.apache.http.client.protocol.RequestProxyAuthentication<strong>{1}</strong>:89 - Proxy auth state: UNCHALLENGED
20:42:16,685 DEBUG org.apache.http.impl.client.DefaultHttpClient<strong>{1}</strong>:682 - Attempt 1 to execute request
20:42:16,686 DEBUG org.apache.http.impl.conn.DefaultClientConnection<strong>{1}</strong>:274 - Sending request: GET /api HTTP/1.1
20:42:16,686 DEBUG org.apache.http.wire<strong>{1}</strong>:73 -  >> "GET /api HTTP/1.1[\r][\n]"
20:42:16,686 DEBUG org.apache.http.wire<strong>{1}</strong>:73 -  >> "Accept: */*[\r][\n]"
20:42:16,686 DEBUG org.apache.http.wire<strong>{1}</strong>:73 -  >> "Host: api.ratesapi.io[\r][\n]"
20:42:16,686 DEBUG org.apache.http.wire<strong>{1}</strong>:73 -  >> "Connection: Keep-Alive[\r][\n]"
20:42:16,687 DEBUG org.apache.http.wire<strong>{1}</strong>:73 -  >> "User-Agent: Apache-HttpClient/4.5.3 (Java/1.8.0_251)[\r][\n]"
20:42:16,687 DEBUG org.apache.http.wire<strong>{1}</strong>:73 -  >> "Accept-Encoding: gzip,deflate[\r][\n]"
20:42:16,688 DEBUG org.apache.http.wire<strong>{1}</strong>:73 -  >> "[\r][\n]"
20:42:16,688 DEBUG org.apache.http.headers<strong>{1}</strong>:278 - >> GET /api HTTP/1.1
20:42:16,688 DEBUG org.apache.http.headers<strong>{1}</strong>:281 - >> Accept: */*
20:42:16,688 DEBUG org.apache.http.headers<strong>{1}</strong>:281 - >> Host: api.ratesapi.io
20:42:16,688 DEBUG org.apache.http.headers<strong>{1}</strong>:281 - >> Connection: Keep-Alive
20:42:16,688 DEBUG org.apache.http.headers<strong>{1}</strong>:281 - >> User-Agent: Apache-HttpClient/4.5.3 (Java/1.8.0_251)
20:42:16,688 DEBUG org.apache.http.headers<strong>{1}</strong>:281 - >> Accept-Encoding: gzip,deflate
20:42:18,059 DEBUG org.apache.http.wire<strong>{1}</strong>:73 -  << "HTTP/1.1 400 Bad Request[\r][\n]"
20:42:18,061 DEBUG org.apache.http.wire<strong>{1}</strong>:73 -  << "Date: Tue, 12 Jan 2021 15:12:17 GMT[\r][\n]"
20:42:18,061 DEBUG org.apache.http.wire<strong>{1}</strong>:73 -  << "Content-Type: application/json[\r][\n]"
20:42:18,062 DEBUG org.apache.http.wire<strong>{1}</strong>:73 -  << "Content-Length: 60[\r][\n]"
20:42:18,064 DEBUG org.apache.http.wire<strong>{1}</strong>:73 -  << "Connection: keep-alive[\r][\n]"
20:42:18,064 DEBUG org.apache.http.wire<strong>{1}</strong>:73 -  << "Set-Cookie: __cfduid=d7f5b886644d94d5a3d693a5ecc556d631610464336; expires=Thu, 11-Feb-21 15:12:16 GMT; path=/; domain=.ratesapi.io; HttpOnly; SameSite=Lax[\r][\n]"
20:42:18,065 DEBUG org.apache.http.wire<strong>{1}</strong>:73 -  << "Access-Control-Allow-Methods: GET[\r][\n]"
20:42:18,065 DEBUG org.apache.http.wire<strong>{1}</strong>:73 -  << "Access-Control-Allow-Credentials: true[\r][\n]"
20:42:18,067 DEBUG org.apache.http.wire<strong>{1}</strong>:73 -  << "Access-Control-Allow-Origin: *[\r][\n]"
20:42:18,067 DEBUG org.apache.http.wire<strong>{1}</strong>:73 -  << "CF-Cache-Status: BYPASS[\r][\n]"
20:42:18,068 DEBUG org.apache.http.wire<strong>{1}</strong>:73 -  << "cf-request-id: 0798c0b34a0000d9d86826f000000001[\r][\n]"
20:42:18,068 DEBUG org.apache.http.wire<strong>{1}</strong>:73 -  << "Expect-CT: max-age=604800, report-uri="https://report-uri.cloudflare.com/cdn-cgi/beacon/expect-ct"[\r][\n]"
20:42:18,070 DEBUG org.apache.http.wire<strong>{1}</strong>:73 -  << "Report-To: {"endpoints":[{"url":"https:\/\/a.nel.cloudflare.com\/report?s=7AW9edIC5T2PZtD0KitBetkLw4hkcmVtyJ2CdptapmsmI3ePxqMdoNYAJuxCu7BWvx9G3CJKdfII1eEWtdsqxgqYIAAKWl3Feyph%2FZBrY74%3D"}],"group":"cf-nel","max_age":604800}[\r][\n]"
20:42:18,070 DEBUG org.apache.http.wire<strong>{1}</strong>:73 -  << "NEL: {"report_to":"cf-nel","max_age":604800}[\r][\n]"
20:42:18,071 DEBUG org.apache.http.wire<strong>{1}</strong>:73 -  << "Vary: Accept-Encoding[\r][\n]"
20:42:18,072 DEBUG org.apache.http.wire<strong>{1}</strong>:73 -  << "Server: cloudflare[\r][\n]"
20:42:18,073 DEBUG org.apache.http.wire<strong>{1}</strong>:73 -  << "CF-RAY: 6107d0987db7d9d8-SIN[\r][\n]"
20:42:18,074 DEBUG org.apache.http.wire<strong>{1}</strong>:73 -  << "[\r][\n]"
20:42:18,075 DEBUG org.apache.http.impl.conn.DefaultClientConnection<strong>{1}</strong>:259 - Receiving response: HTTP/1.1 400 Bad Request
20:42:18,075 DEBUG org.apache.http.headers<strong>{1}</strong>:262 - << HTTP/1.1 400 Bad Request
20:42:18,076 DEBUG org.apache.http.headers<strong>{1}</strong>:265 - << Date: Tue, 12 Jan 2021 15:12:17 GMT
20:42:18,077 DEBUG org.apache.http.headers<strong>{1}</strong>:265 - << Content-Type: application/json
20:42:18,078 DEBUG org.apache.http.headers<strong>{1}</strong>:265 - << Content-Length: 60
20:42:18,079 DEBUG org.apache.http.headers<strong>{1}</strong>:265 - << Connection: keep-alive
20:42:18,080 DEBUG org.apache.http.headers<strong>{1}</strong>:265 - << Set-Cookie: __cfduid=d7f5b886644d94d5a3d693a5ecc556d631610464336; expires=Thu, 11-Feb-21 15:12:16 GMT; path=/; domain=.ratesapi.io; HttpOnly; SameSite=Lax
20:42:18,081 DEBUG org.apache.http.headers<strong>{1}</strong>:265 - << Access-Control-Allow-Methods: GET
20:42:18,081 DEBUG org.apache.http.headers<strong>{1}</strong>:265 - << Access-Control-Allow-Credentials: true
20:42:18,082 DEBUG org.apache.http.headers<strong>{1}</strong>:265 - << Access-Control-Allow-Origin: *
20:42:18,083 DEBUG org.apache.http.headers<strong>{1}</strong>:265 - << CF-Cache-Status: BYPASS
20:42:18,084 DEBUG org.apache.http.headers<strong>{1}</strong>:265 - << cf-request-id: 0798c0b34a0000d9d86826f000000001
20:42:18,084 DEBUG org.apache.http.headers<strong>{1}</strong>:265 - << Expect-CT: max-age=604800, report-uri="https://report-uri.cloudflare.com/cdn-cgi/beacon/expect-ct"
20:42:18,085 DEBUG org.apache.http.headers<strong>{1}</strong>:265 - << Report-To: {"endpoints":[{"url":"https:\/\/a.nel.cloudflare.com\/report?s=7AW9edIC5T2PZtD0KitBetkLw4hkcmVtyJ2CdptapmsmI3ePxqMdoNYAJuxCu7BWvx9G3CJKdfII1eEWtdsqxgqYIAAKWl3Feyph%2FZBrY74%3D"}],"group":"cf-nel","max_age":604800}
20:42:18,085 DEBUG org.apache.http.headers<strong>{1}</strong>:265 - << NEL: {"report_to":"cf-nel","max_age":604800}
20:42:18,087 DEBUG org.apache.http.headers<strong>{1}</strong>:265 - << Vary: Accept-Encoding
20:42:18,087 DEBUG org.apache.http.headers<strong>{1}</strong>:265 - << Server: cloudflare
20:42:18,087 DEBUG org.apache.http.headers<strong>{1}</strong>:265 - << CF-RAY: 6107d0987db7d9d8-SIN
20:42:18,088 DEBUG org.apache.http.impl.client.DefaultHttpClient<strong>{1}</strong>:509 - Connection can be kept alive indefinitely
20:42:18,089 DEBUG io.restassured.internal.RequestSpecificationImpl$RestAssuredHttpBuilder<strong>{1}</strong>:544 - Parsing response as: application/json
20:42:18,090 DEBUG io.restassured.internal.RequestSpecificationImpl$RestAssuredHttpBuilder<strong>{1}</strong>:547 - Parsed data to instance of: class org.apache.http.conn.EofSensorInputStream
20:42:18,093 DEBUG org.apache.http.wire<strong>{1}</strong>:87 -  << "{"error":"time data 'api' does not match format '%Y-%m-%d'"}"
20:42:18,093 DEBUG org.apache.http.impl.conn.BasicClientConnectionManager<strong>{1}</strong>:200 - Releasing connection org.apache.http.impl.conn.ManagedClientConnectionImpl@511816c0
20:42:18,093 DEBUG org.apache.http.impl.conn.BasicClientConnectionManager<strong>{1}</strong>:225 - Connection can be kept alive indefinitely
20:42:18,106 ERROR Exchange_Rates<strong>{1}</strong>:92 - Url is incomplete
